<?xml version="1.0" encoding="UTF-8"?>
<!-- Generated by org.testng.reporters.JUnitReportReporter -->
<testsuite hostname="DESKTOP-SV9CFRI" failures="0" tests="1" name="com.herokuapp.theinternet.uploadtests.UploadTests" time="48.940" errors="0" timestamp="2023-08-28T12:22:17 IST" skipped="0">
  <testcase classname="com.herokuapp.theinternet.uploadtests.UploadTests" name="imageUploadTest" time="48.940"/>
</testsuite> <!-- com.herokuapp.theinternet.uploadtests.UploadTests -->
